Parser Options
  Input file: /tmp/pov16709.pov (compatible to version 3.70)
  Remove bounds........On 
  Split unions.........Off
  Library paths:
    /usr/share/povray-3.7/include
  Clock value:    0.000  (Animation off)
Image Output Options
  Image resolution.....512 by 512 (rows 1 to 512, columns 1 to 512).
  Output file: Disabled
  Graphic display......Off
  Mosaic preview.......Off
  Continued trace......Off
Information Output Options
  All Streams to console..........On 
  Debug Stream to console.........On 
  Fatal Stream to console.........On 
  Render Stream to console........On 
  Statistics Stream to console....On 
  Warning Stream to console.......On 


 Building mesh2: 
   - vertex_vectors
   - normal_vectors
   - uv_vectors
   - face_indices
----------------------------------------------------------------------------
Parser Statistics
----------------------------------------------------------------------------
Finite Objects:          175
Infinite Objects:          3
Light Sources:             2
Total:                   180
----------------------------------------------------------------------------
Parser Time
  Parse Time:       0 hours  0 minutes  0 seconds (0.281 seconds)
              using 1 thread(s) with 0.279 CPU-seconds total
  Bounding Time:    0 hours  0 minutes  0 seconds (0.000 seconds)
              using 1 thread(s) with 0.000 CPU-seconds total
----------------------------------------------------------------------------
Render Options
  Quality:  9
  Bounding boxes.......On   Bounding threshold: 3
  Antialiasing.........On  (Method 1, Threshold 0.300, Depth 3, Jitter 0.30,
 Gamma 2.50)
----------------------------------------------------------------------------
Render Statistics
Image Resolution 512 x 512
----------------------------------------------------------------------------
Pixels:           294912   Samples:          776052   Smpls/Pxl: 2.63
Rays:            2454329   Saved:             10656   Max Level: 12/12
----------------------------------------------------------------------------
Ray->Shape Intersection          Tests       Succeeded  Percentage
----------------------------------------------------------------------------
Box                           52718394        20509659     38.90
Cone/Cylinder                 65269056        13306420     20.39
CSG Intersection             203823514        98272161     48.21
CSG Merge                       562157           74965     13.34
Fractal                        1092410          206428     18.90
Height Field                   1663296          218618     13.14
Height Field Box               1663296         1349600     81.14
Height Field Triangle          7022519          226119      3.22
Height Field Block            11020679         3423348     31.06
Height Field Cell             45891627         3868631      8.43
Isosurface                    21575020          996808      4.62
Isosurface Container          21575779        21575774    100.00
Isosurface Cache                278420           12852      4.62
Mesh                           1074926          127377     11.85
Plane                        145964937         1543910      1.06
Sphere                       296950668       120330062     40.52
Superellipsoid                  381736          114422     29.97
Torus                          3243635          783968     24.17
Torus Bound                    3243635          899818     27.74
True Type Font                  521076          172882     33.18
Clipping Object                3471191         1689326     48.67
Bounding Box                 892777027       270025964     30.25
----------------------------------------------------------------------------
Isosurface roots:          21557749
Function VM calls:        286920020
----------------------------------------------------------------------------
Crackle Cache Queries:          829873
Crackle Cache Hits:             823786 ( 99 percent)
----------------------------------------------------------------------------
Roots tested:                899818   eliminated:               554615
Media Intervals:           61525863   Media Samples:         554862223 (9.02)
Shadow Ray Tests:         148451284   Succeeded:              86380086
Shadow Cache Hits:          4929957
Reflected Rays:              375355   Total Internal:                2
Refracted Rays:              262293
Transmitted Rays:            636739
----------------------------------------------------------------------------
Number of photons shot:           36326
Surface photons stored:           13877
Gather function called:         1378432
----------------------------------------------------------------------------
----------------------------------------------------------------------------
Render Time:
  Photon Time:      0 hours  0 minutes  1 seconds (1.106 seconds)
              using 11 thread(s) with 1.322 CPU-seconds total
  Radiosity Time:   No radiosity
  Trace Time:       0 hours  2 minutes  2 seconds (122.103 seconds)
              using 8 thread(s) with 902.951 CPU-seconds total
